<?xml version="1.0" encoding="UTF-8"?>
<coverage generated="1778170063295" clover="3.2.0">
  <project timestamp="1778170063295" name="All files">
    <metrics statements="31" coveredstatements="31" conditionals="8" coveredconditionals="8" methods="12" coveredmethods="12" elements="51" coveredelements="51" complexity="0" loc="31" ncloc="31" packages="1" files="1" classes="1"/>
    <file name="DatePickerEngine.ts" path="/Users/memo/Desktop/date-picker-challenge/src/engine/DatePickerEngine.ts">
      <metrics statements="31" coveredstatements="31" conditionals="8" coveredconditionals="8" methods="12" coveredmethods="12"/>
      <line num="9" count="1" type="stmt"/>
      <line num="11" count="1" type="stmt"/>
      <line num="28" count="42" type="stmt"/>
      <line num="32" count="42" type="stmt"/>
      <line num="33" count="42" type="cond" truecount="2" falsecount="0"/>
      <line num="39" count="41" type="stmt"/>
      <line num="51" count="4" type="stmt"/>
      <line num="55" count="3" type="stmt"/>
      <line num="59" count="2" type="stmt"/>
      <line num="63" count="2" type="stmt"/>
      <line num="67" count="10" type="stmt"/>
      <line num="69" count="10" type="stmt"/>
      <line num="73" count="3" type="stmt"/>
      <line num="74" count="3" type="stmt"/>
      <line num="78" count="1" type="stmt"/>
      <line num="93" count="41" type="stmt"/>
      <line num="96" count="41" type="stmt"/>
      <line num="97" count="41" type="stmt"/>
      <line num="100" count="41" type="stmt"/>
      <line num="102" count="41" type="stmt"/>
      <line num="104" count="41" type="stmt"/>
      <line num="105" count="246" type="stmt"/>
      <line num="106" count="246" type="stmt"/>
      <line num="107" count="1722" type="stmt"/>
      <line num="108" count="1722" type="stmt"/>
      <line num="110" count="246" type="stmt"/>
      <line num="113" count="41" type="stmt"/>
      <line num="117" count="1722" type="stmt"/>
      <line num="130" count="41" type="cond" truecount="2" falsecount="0"/>
      <line num="131" count="11" type="stmt"/>
      <line num="132" count="11" type="stmt"/>
    </file>
  </project>
</coverage>
