{"/Users/memo/Desktop/date-picker-challenge/src/engine/DatePickerEngine.ts": {"path":"/Users/memo/Desktop/date-picker-challenge/src/engine/DatePickerEngine.ts","statementMap":{"0":{"start":{"line":9,"column":18},"end":{"line":9,"column":null}},"1":{"start":{"line":11,"column":20},"end":{"line":24,"column":null}},"2":{"start":{"line":28,"column":52},"end":{"line":28,"column":null}},"3":{"start":{"line":32,"column":4},"end":{"line":32,"column":null}},"4":{"start":{"line":33,"column":4},"end":{"line":33,"column":null}},"5":{"start":{"line":39,"column":4},"end":{"line":47,"column":null}},"6":{"start":{"line":51,"column":4},"end":{"line":51,"column":null}},"7":{"start":{"line":55,"column":4},"end":{"line":55,"column":null}},"8":{"start":{"line":59,"column":4},"end":{"line":59,"column":null}},"9":{"start":{"line":63,"column":4},"end":{"line":63,"column":null}},"10":{"start":{"line":67,"column":4},"end":{"line":67,"column":null}},"11":{"start":{"line":69,"column":4},"end":{"line":69,"column":null}},"12":{"start":{"line":73,"column":4},"end":{"line":73,"column":null}},"13":{"start":{"line":74,"column":4},"end":{"line":74,"column":null}},"14":{"start":{"line":78,"column":4},"end":{"line":78,"column":null}},"15":{"start":{"line":93,"column":25},"end":{"line":93,"column":null}},"16":{"start":{"line":96,"column":25},"end":{"line":96,"column":null}},"17":{"start":{"line":97,"column":24},"end":{"line":97,"column":null}},"18":{"start":{"line":100,"column":22},"end":{"line":100,"column":null}},"19":{"start":{"line":102,"column":33},"end":{"line":102,"column":null}},"20":{"start":{"line":104,"column":4},"end":{"line":111,"column":null}},"21":{"start":{"line":104,"column":20},"end":{"line":104,"column":23}},"22":{"start":{"line":105,"column":33},"end":{"line":105,"column":null}},"23":{"start":{"line":106,"column":6},"end":{"line":109,"column":null}},"24":{"start":{"line":106,"column":21},"end":{"line":106,"column":24}},"25":{"start":{"line":107,"column":21},"end":{"line":107,"column":null}},"26":{"start":{"line":108,"column":8},"end":{"line":108,"column":null}},"27":{"start":{"line":110,"column":6},"end":{"line":110,"column":null}},"28":{"start":{"line":113,"column":4},"end":{"line":113,"column":null}},"29":{"start":{"line":117,"column":4},"end":{"line":126,"column":null}},"30":{"start":{"line":130,"column":4},"end":{"line":130,"column":null}},"31":{"start":{"line":130,"column":28},"end":{"line":130,"column":null}},"32":{"start":{"line":131,"column":33},"end":{"line":131,"column":null}},"33":{"start":{"line":132,"column":4},"end":{"line":132,"column":null}}},"fnMap":{"0":{"name":"(anonymous_0)","decl":{"start":{"line":31,"column":2},"end":{"line":31,"column":14}},"loc":{"start":{"line":31,"column":48},"end":{"line":34,"column":null}},"line":31},"1":{"name":"(anonymous_1)","decl":{"start":{"line":38,"column":2},"end":{"line":38,"column":28}},"loc":{"start":{"line":38,"column":28},"end":{"line":48,"column":null}},"line":38},"2":{"name":"(anonymous_2)","decl":{"start":{"line":50,"column":2},"end":{"line":50,"column":20}},"loc":{"start":{"line":50,"column":20},"end":{"line":52,"column":null}},"line":50},"3":{"name":"(anonymous_3)","decl":{"start":{"line":54,"column":2},"end":{"line":54,"column":20}},"loc":{"start":{"line":54,"column":20},"end":{"line":56,"column":null}},"line":54},"4":{"name":"(anonymous_4)","decl":{"start":{"line":58,"column":2},"end":{"line":58,"column":19}},"loc":{"start":{"line":58,"column":19},"end":{"line":60,"column":null}},"line":58},"5":{"name":"(anonymous_5)","decl":{"start":{"line":62,"column":2},"end":{"line":62,"column":19}},"loc":{"start":{"line":62,"column":19},"end":{"line":64,"column":null}},"line":62},"6":{"name":"(anonymous_6)","decl":{"start":{"line":66,"column":2},"end":{"line":66,"column":13}},"loc":{"start":{"line":66,"column":45},"end":{"line":70,"column":null}},"line":66},"7":{"name":"(anonymous_7)","decl":{"start":{"line":72,"column":2},"end":{"line":72,"column":20}},"loc":{"start":{"line":72,"column":20},"end":{"line":75,"column":null}},"line":72},"8":{"name":"(anonymous_8)","decl":{"start":{"line":77,"column":2},"end":{"line":77,"column":25}},"loc":{"start":{"line":77,"column":25},"end":{"line":79,"column":null}},"line":77},"9":{"name":"(anonymous_9)","decl":{"start":{"line":92,"column":10},"end":{"line":92,"column":38}},"loc":{"start":{"line":92,"column":38},"end":{"line":114,"column":null}},"line":92},"10":{"name":"(anonymous_10)","decl":{"start":{"line":116,"column":10},"end":{"line":116,"column":19}},"loc":{"start":{"line":116,"column":58},"end":{"line":127,"column":null}},"line":116},"11":{"name":"(anonymous_11)","decl":{"start":{"line":129,"column":10},"end":{"line":129,"column":39}},"loc":{"start":{"line":129,"column":39},"end":{"line":133,"column":null}},"line":129}},"branchMap":{"0":{"loc":{"start":{"line":33,"column":20},"end":{"line":33,"column":null}},"type":"binary-expr","locations":[{"start":{"line":33,"column":20},"end":{"line":33,"column":35}},{"start":{"line":33,"column":35},"end":{"line":33,"column":null}}],"line":33},"1":{"loc":{"start":{"line":120,"column":8},"end":{"line":120,"column":null}},"type":"binary-expr","locations":[{"start":{"line":120,"column":8},"end":{"line":120,"column":46}},{"start":{"line":120,"column":46},"end":{"line":120,"column":null}}],"line":120},"2":{"loc":{"start":{"line":122,"column":18},"end":{"line":124,"column":null}},"type":"cond-expr","locations":[{"start":{"line":123,"column":10},"end":{"line":123,"column":null}},{"start":{"line":124,"column":10},"end":{"line":124,"column":null}}],"line":122},"3":{"loc":{"start":{"line":130,"column":4},"end":{"line":130,"column":null}},"type":"if","locations":[{"start":{"line":130,"column":4},"end":{"line":130,"column":null}},{"start":{},"end":{}}],"line":130}},"s":{"0":1,"1":1,"2":42,"3":42,"4":42,"5":41,"6":4,"7":3,"8":2,"9":2,"10":10,"11":10,"12":3,"13":3,"14":1,"15":41,"16":41,"17":41,"18":41,"19":41,"20":41,"21":41,"22":246,"23":246,"24":246,"25":1722,"26":1722,"27":246,"28":41,"29":1722,"30":41,"31":30,"32":11,"33":11},"f":{"0":42,"1":41,"2":4,"3":3,"4":2,"5":2,"6":10,"7":3,"8":1,"9":41,"10":1722,"11":41},"b":{"0":[42,1],"1":[1722,1258],"2":[462,1260],"3":[30,11]},"meta":{"lastBranch":4,"lastFunction":12,"lastStatement":34,"seen":{"s:9:18:9:Infinity":0,"s:11:20:24:Infinity":1,"s:28:52:28:Infinity":2,"f:31:2:31:14":0,"s:32:4:32:Infinity":3,"s:33:4:33:Infinity":4,"b:33:20:33:35:33:35:33:Infinity":0,"f:38:2:38:28":1,"s:39:4:47:Infinity":5,"f:50:2:50:20":2,"s:51:4:51:Infinity":6,"f:54:2:54:20":3,"s:55:4:55:Infinity":7,"f:58:2:58:19":4,"s:59:4:59:Infinity":8,"f:62:2:62:19":5,"s:63:4:63:Infinity":9,"f:66:2:66:13":6,"s:67:4:67:Infinity":10,"s:69:4:69:Infinity":11,"f:72:2:72:20":7,"s:73:4:73:Infinity":12,"s:74:4:74:Infinity":13,"f:77:2:77:25":8,"s:78:4:78:Infinity":14,"f:92:10:92:38":9,"s:93:25:93:Infinity":15,"s:96:25:96:Infinity":16,"s:97:24:97:Infinity":17,"s:100:22:100:Infinity":18,"s:102:33:102:Infinity":19,"s:104:4:111:Infinity":20,"s:104:20:104:23":21,"s:105:33:105:Infinity":22,"s:106:6:109:Infinity":23,"s:106:21:106:24":24,"s:107:21:107:Infinity":25,"s:108:8:108:Infinity":26,"s:110:6:110:Infinity":27,"s:113:4:113:Infinity":28,"f:116:10:116:19":10,"s:117:4:126:Infinity":29,"b:120:8:120:46:120:46:120:Infinity":1,"b:123:10:123:Infinity:124:10:124:Infinity":2,"f:129:10:129:39":11,"b:130:4:130:Infinity:undefined:undefined:undefined:undefined":3,"s:130:4:130:Infinity":30,"s:130:28:130:Infinity":31,"s:131:33:131:Infinity":32,"s:132:4:132:Infinity":33}}}
}
